<?xml version="1.0" encoding="UTF-8"?>
<!-- Generated by org.testng.reporters.JUnitXMLReporter -->
<testsuite ignored="0" hostname="INHYLP0031" failures="7" tests="7" name="Default test" time="14.836" errors="0" timestamp="2024-05-24T19:07:49 IST">
  <testcase classname="io.cucumber.testng.AbstractTestNGCucumberTests" name="runScenario" time="3.608">
    <failure type="java.lang.RuntimeException" message="url not specified in config file.">
      <![CDATA[java.lang.RuntimeException: url not specified in config file.
at utility.Proper.getBrowser(Proper.java:33)
at stepDefinations.suaseloginstep.initBrowser(suaseloginstep.java:32)
]]>
    </failure>
  </testcase> <!-- runScenario -->
  <testcase classname="io.cucumber.testng.AbstractTestNGCucumberTests" name="runScenario" time="2.009">
    <failure type="java.lang.RuntimeException" message="url not specified in config file.">
      <![CDATA[java.lang.RuntimeException: url not specified in config file.
at utility.Proper.getBrowser(Proper.java:33)
at stepDefinations.suaseloginstep.initBrowser(suaseloginstep.java:32)
]]>
    </failure>
  </testcase> <!-- runScenario -->
  <testcase classname="io.cucumber.testng.AbstractTestNGCucumberTests" name="runScenario" time="1.652">
    <failure type="java.lang.RuntimeException" message="url not specified in config file.">
      <![CDATA[java.lang.RuntimeException: url not specified in config file.
at utility.Proper.getBrowser(Proper.java:33)
at stepDefinations.suaseloginstep.initBrowser(suaseloginstep.java:32)
]]>
    </failure>
  </testcase> <!-- runScenario -->
  <testcase classname="io.cucumber.testng.AbstractTestNGCucumberTests" name="runScenario" time="1.605">
    <failure type="java.lang.RuntimeException" message="url not specified in config file.">
      <![CDATA[java.lang.RuntimeException: url not specified in config file.
at utility.Proper.getBrowser(Proper.java:33)
at stepDefinations.suaseloginstep.initBrowser(suaseloginstep.java:32)
]]>
    </failure>
  </testcase> <!-- runScenario -->
  <testcase classname="io.cucumber.testng.AbstractTestNGCucumberTests" name="runScenario" time="1.788">
    <failure type="java.lang.RuntimeException" message="url not specified in config file.">
      <![CDATA[java.lang.RuntimeException: url not specified in config file.
at utility.Proper.getBrowser(Proper.java:33)
at stepDefinations.suaseloginstep.initBrowser(suaseloginstep.java:32)
]]>
    </failure>
  </testcase> <!-- runScenario -->
  <testcase classname="io.cucumber.testng.AbstractTestNGCucumberTests" name="runScenario" time="1.495">
    <failure type="java.lang.RuntimeException" message="url not specified in config file.">
      <![CDATA[java.lang.RuntimeException: url not specified in config file.
at utility.Proper.getBrowser(Proper.java:33)
at stepDefinations.suaseloginstep.initBrowser(suaseloginstep.java:32)
]]>
    </failure>
  </testcase> <!-- runScenario -->
  <testcase classname="io.cucumber.testng.AbstractTestNGCucumberTests" name="runScenario" time="1.628">
    <failure type="java.lang.RuntimeException" message="url not specified in config file.">
      <![CDATA[java.lang.RuntimeException: url not specified in config file.
at utility.Proper.getBrowser(Proper.java:33)
at stepDefinations.suaseloginstep.initBrowser(suaseloginstep.java:32)
]]>
    </failure>
  </testcase> <!-- runScenario -->
</testsuite> <!-- Default test -->
