<?xml version="1.0" encoding="UTF-8"?>
<testng-results ignored="0" total="7" passed="0" failed="7" skipped="0">
  <reporter-output>
  </reporter-output>
  <suite started-at="2024-05-24T19:07:34 IST" name="Default suite" finished-at="2024-05-24T19:07:49 IST" duration-ms="14836">
    <groups>
      <group name="cucumber">
        <method signature="AbstractTestNGCucumberTests.runScenario(io.cucumber.testng.PickleWrapper,io.cucumber.testng.FeatureWrapper)[pri:0, instance:Runner.SteprunnerLogin@79e4c792]" name="runScenario" class="io.cucumber.testng.AbstractTestNGCucumberTests"/>
      </group> <!-- cucumber -->
    </groups>
    <test started-at="2024-05-24T19:07:34 IST" name="Default test" finished-at="2024-05-24T19:07:49 IST" duration-ms="14836">
      <class name="Runner.SteprunnerLogin">
        <test-method is-config="true" signature="setUpClass(org.testng.ITestContext)[pri:0, instance:Runner.SteprunnerLogin@79e4c792]" started-at="2024-05-24T19:07:34 IST" name="setUpClass" finished-at="2024-05-24T19:07:35 IST" duration-ms="944" status="PASS">
          <params>
            <param index="0">
              <value>
                <![CDATA[org.testng.TestRunner@1536ea40]]>
              </value>
            </param>
          </params>
          <reporter-output>
          </reporter-output>
        </test-method> <!-- setUpClass -->
        <test-method signature="runScenario(io.cucumber.testng.PickleWrapper,io.cucumber.testng.FeatureWrapper)[pri:0, instance:Runner.SteprunnerLogin@79e4c792]" started-at="2024-05-24T19:07:35 IST" name="runScenario" description="Runs Cucumber Scenarios" data-provider="scenarios" finished-at="2024-05-24T19:07:39 IST" duration-ms="3608" status="FAIL">
          <params>
            <param index="0">
              <value>
                <![CDATA["Login with valid credentials"]]>
              </value>
            </param>
            <param index="1">
              <value>
                <![CDATA["Login in to demo site"]]>
              </value>
            </param>
          </params>
          <exception class="java.lang.RuntimeException">
            <message>
              <![CDATA[url not specified in config file.]]>
            </message>
            <full-stacktrace>
              <![CDATA[java.lang.RuntimeException: url not specified in config file.
at utility.Proper.getBrowser(Proper.java:33)
at stepDefinations.suaseloginstep.initBrowser(suaseloginstep.java:32)
]]>
            </full-stacktrace>
          </exception> <!-- java.lang.RuntimeException -->
          <reporter-output>
          </reporter-output>
        </test-method> <!-- runScenario -->
        <test-method signature="runScenario(io.cucumber.testng.PickleWrapper,io.cucumber.testng.FeatureWrapper)[pri:0, instance:Runner.SteprunnerLogin@79e4c792]" started-at="2024-05-24T19:07:39 IST" name="runScenario" description="Runs Cucumber Scenarios" data-provider="scenarios" finished-at="2024-05-24T19:07:41 IST" duration-ms="2009" status="FAIL">
          <params>
            <param index="0">
              <value>
                <![CDATA["Login with multiple cred"]]>
              </value>
            </param>
            <param index="1">
              <value>
                <![CDATA["Login to Suace lab with multiple credentials"]]>
              </value>
            </param>
          </params>
          <exception class="java.lang.RuntimeException">
            <message>
              <![CDATA[url not specified in config file.]]>
            </message>
            <full-stacktrace>
              <![CDATA[java.lang.RuntimeException: url not specified in config file.
at utility.Proper.getBrowser(Proper.java:33)
at stepDefinations.suaseloginstep.initBrowser(suaseloginstep.java:32)
]]>
            </full-stacktrace>
          </exception> <!-- java.lang.RuntimeException -->
          <reporter-output>
          </reporter-output>
        </test-method> <!-- runScenario -->
        <test-method signature="runScenario(io.cucumber.testng.PickleWrapper,io.cucumber.testng.FeatureWrapper)[pri:0, instance:Runner.SteprunnerLogin@79e4c792]" started-at="2024-05-24T19:07:41 IST" name="runScenario" description="Runs Cucumber Scenarios" data-provider="scenarios" finished-at="2024-05-24T19:07:43 IST" duration-ms="1652" status="FAIL">
          <params>
            <param index="0">
              <value>
                <![CDATA["Login with multiple cred"]]>
              </value>
            </param>
            <param index="1">
              <value>
                <![CDATA["Login to Suace lab with multiple credentials"]]>
              </value>
            </param>
          </params>
          <exception class="java.lang.RuntimeException">
            <message>
              <![CDATA[url not specified in config file.]]>
            </message>
            <full-stacktrace>
              <![CDATA[java.lang.RuntimeException: url not specified in config file.
at utility.Proper.getBrowser(Proper.java:33)
at stepDefinations.suaseloginstep.initBrowser(suaseloginstep.java:32)
]]>
            </full-stacktrace>
          </exception> <!-- java.lang.RuntimeException -->
          <reporter-output>
          </reporter-output>
        </test-method> <!-- runScenario -->
        <test-method signature="runScenario(io.cucumber.testng.PickleWrapper,io.cucumber.testng.FeatureWrapper)[pri:0, instance:Runner.SteprunnerLogin@79e4c792]" started-at="2024-05-24T19:07:43 IST" name="runScenario" description="Runs Cucumber Scenarios" data-provider="scenarios" finished-at="2024-05-24T19:07:44 IST" duration-ms="1605" status="FAIL">
          <params>
            <param index="0">
              <value>
                <![CDATA["Login with multiple cred"]]>
              </value>
            </param>
            <param index="1">
              <value>
                <![CDATA["Login to Suace lab with multiple credentials"]]>
              </value>
            </param>
          </params>
          <exception class="java.lang.RuntimeException">
            <message>
              <![CDATA[url not specified in config file.]]>
            </message>
            <full-stacktrace>
              <![CDATA[java.lang.RuntimeException: url not specified in config file.
at utility.Proper.getBrowser(Proper.java:33)
at stepDefinations.suaseloginstep.initBrowser(suaseloginstep.java:32)
]]>
            </full-stacktrace>
          </exception> <!-- java.lang.RuntimeException -->
          <reporter-output>
          </reporter-output>
        </test-method> <!-- runScenario -->
        <test-method signature="runScenario(io.cucumber.testng.PickleWrapper,io.cucumber.testng.FeatureWrapper)[pri:0, instance:Runner.SteprunnerLogin@79e4c792]" started-at="2024-05-24T19:07:44 IST" name="runScenario" description="Runs Cucumber Scenarios" data-provider="scenarios" finished-at="2024-05-24T19:07:46 IST" duration-ms="1788" status="FAIL">
          <params>
            <param index="0">
              <value>
                <![CDATA["Login with multiple cred"]]>
              </value>
            </param>
            <param index="1">
              <value>
                <![CDATA["Login to Suace lab with multiple credentials"]]>
              </value>
            </param>
          </params>
          <exception class="java.lang.RuntimeException">
            <message>
              <![CDATA[url not specified in config file.]]>
            </message>
            <full-stacktrace>
              <![CDATA[java.lang.RuntimeException: url not specified in config file.
at utility.Proper.getBrowser(Proper.java:33)
at stepDefinations.suaseloginstep.initBrowser(suaseloginstep.java:32)
]]>
            </full-stacktrace>
          </exception> <!-- java.lang.RuntimeException -->
          <reporter-output>
          </reporter-output>
        </test-method> <!-- runScenario -->
        <test-method signature="runScenario(io.cucumber.testng.PickleWrapper,io.cucumber.testng.FeatureWrapper)[pri:0, instance:Runner.SteprunnerLogin@79e4c792]" started-at="2024-05-24T19:07:46 IST" name="runScenario" description="Runs Cucumber Scenarios" data-provider="scenarios" finished-at="2024-05-24T19:07:47 IST" duration-ms="1495" status="FAIL">
          <params>
            <param index="0">
              <value>
                <![CDATA["Login with multiple cred"]]>
              </value>
            </param>
            <param index="1">
              <value>
                <![CDATA["Login to Suace lab with multiple credentials"]]>
              </value>
            </param>
          </params>
          <exception class="java.lang.RuntimeException">
            <message>
              <![CDATA[url not specified in config file.]]>
            </message>
            <full-stacktrace>
              <![CDATA[java.lang.RuntimeException: url not specified in config file.
at utility.Proper.getBrowser(Proper.java:33)
at stepDefinations.suaseloginstep.initBrowser(suaseloginstep.java:32)
]]>
            </full-stacktrace>
          </exception> <!-- java.lang.RuntimeException -->
          <reporter-output>
          </reporter-output>
        </test-method> <!-- runScenario -->
        <test-method signature="runScenario(io.cucumber.testng.PickleWrapper,io.cucumber.testng.FeatureWrapper)[pri:0, instance:Runner.SteprunnerLogin@79e4c792]" started-at="2024-05-24T19:07:47 IST" name="runScenario" description="Runs Cucumber Scenarios" data-provider="scenarios" finished-at="2024-05-24T19:07:49 IST" duration-ms="1628" status="FAIL">
          <params>
            <param index="0">
              <value>
                <![CDATA["Login with multiple cred"]]>
              </value>
            </param>
            <param index="1">
              <value>
                <![CDATA["Login to Suace lab with multiple credentials"]]>
              </value>
            </param>
          </params>
          <exception class="java.lang.RuntimeException">
            <message>
              <![CDATA[url not specified in config file.]]>
            </message>
            <full-stacktrace>
              <![CDATA[java.lang.RuntimeException: url not specified in config file.
at utility.Proper.getBrowser(Proper.java:33)
at stepDefinations.suaseloginstep.initBrowser(suaseloginstep.java:32)
]]>
            </full-stacktrace>
          </exception> <!-- java.lang.RuntimeException -->
          <reporter-output>
          </reporter-output>
        </test-method> <!-- runScenario -->
        <test-method is-config="true" signature="tearDownClass()[pri:0, instance:Runner.SteprunnerLogin@79e4c792]" started-at="2024-05-24T19:07:49 IST" name="tearDownClass" finished-at="2024-05-24T19:07:49 IST" duration-ms="24" status="PASS">
          <reporter-output>
          </reporter-output>
        </test-method> <!-- tearDownClass -->
      </class> <!-- Runner.SteprunnerLogin -->
    </test> <!-- Default test -->
  </suite> <!-- Default suite -->
</testng-results>
